#
# There is insufficient memory for the Java Runtime Environment to continue.
# Native memory allocation (malloc) failed to allocate 32744 bytes for ChunkPool::allocate
# Possible reasons:
#   The system is out of physical RAM or swap space
#   In 32 bit mode, the process size limit was hit
# Possible solutions:
#   Reduce memory load on the system
#   Increase physical memory or swap space
#   Check if swap backing store is full
#   Use 64 bit Java on a 64 bit OS
#   Decrease Java heap size (-Xmx/-Xms)
#   Decrease number of Java threads
#   Decrease Java thread stack sizes (-Xss)
#   Set larger code cache with -XX:ReservedCodeCacheSize=
# This output file may be truncated or incomplete.
#
#  Out of Memory Error (allocation.cpp:273), pid=15084, tid=0x0000000000001f90
#
# JRE version: Java(TM) SE Runtime Environment (8.0_172-b11) (build 1.8.0_172-b11)
# Java VM: Java HotSpot(TM) 64-Bit Server VM (25.172-b11 mixed mode windows-amd64 compressed oops)
# Failed to write core dump. Minidumps are not enabled by default on client versions of Windows
#

---------------  T H R E A D  ---------------

Current thread (0x000000001a32d800):  JavaThread "C1 CompilerThread3" daemon [_thread_in_native, id=8080, stack(0x000000001adf0000,0x000000001aef0000)]

Stack: [0x000000001adf0000,0x000000001aef0000]
[error occurred during error reporting (printing stack bounds), id 0xc0000005]

Native frames: (J=compiled Java code, j=interpreted, Vv=VM code, C=native code)


Current CompileTask:
C1:   6437 1867   !   3       org.jboss.resteasy.spi.ResteasyProviderFactory::registerProvider (2619 bytes)


---------------  P R O C E S S  ---------------

Java Threads: ( => current thread )
  0x000000001a4de000 JavaThread "ping-20s" daemon [_thread_blocked, id=3448, stack(0x000000001b1f0000,0x000000001b2f0000)]
  0x000000001a485800 JavaThread "surefire-forkedjvm-command-thread" daemon [_thread_in_native, id=19808, stack(0x000000001b0f0000,0x000000001b1f0000)]
  0x000000001a3b2000 JavaThread "Service Thread" daemon [_thread_blocked, id=19056, stack(0x000000001aef0000,0x000000001aff0000)]
=>0x000000001a32d800 JavaThread "C1 CompilerThread3" daemon [_thread_in_native, id=8080, stack(0x000000001adf0000,0x000000001aef0000)]
  0x000000001a329000 JavaThread "C2 CompilerThread2" daemon [_thread_blocked, id=8932, stack(0x000000001acf0000,0x000000001adf0000)]
  0x000000001a31e000 JavaThread "C2 CompilerThread1" daemon [_thread_blocked, id=18896, stack(0x000000001abf0000,0x000000001acf0000)]
  0x000000001a319800 JavaThread "C2 CompilerThread0" daemon [_thread_blocked, id=8924, stack(0x000000001aaf0000,0x000000001abf0000)]
  0x000000001a318000 JavaThread "Attach Listener" daemon [_thread_blocked, id=7776, stack(0x000000001a9f0000,0x000000001aaf0000)]
  0x000000001a317000 JavaThread "Signal Dispatcher" daemon [_thread_blocked, id=128, stack(0x000000001a8f0000,0x000000001a9f0000)]
  0x0000000003449000 JavaThread "Finalizer" daemon [_thread_blocked, id=3164, stack(0x000000001a6f0000,0x000000001a7f0000)]
  0x0000000003448000 JavaThread "Reference Handler" daemon [_thread_blocked, id=19716, stack(0x000000001a1f0000,0x000000001a2f0000)]
  0x00000000030ee000 JavaThread "main" [_thread_in_native, id=1920, stack(0x0000000003250000,0x0000000003350000)]

Other Threads:
  0x00000000183e8800 VMThread [stack: 0x000000001a0f0000,0x000000001a1f0000] [id=17360]
  0x000000001a3ca800 WatcherThread [stack: 0x000000001aff0000,0x000000001b0f0000] [id=5352]

VM state:not at safepoint (normal execution)

VM Mutex/Monitor currently owned by a thread: None

Heap:
 PSYoungGen      total 38400K, used 31239K [0x00000000d5f80000, 0x00000000d8a00000, 0x0000000100000000)
  eden space 33280K, 93% used [0x00000000d5f80000,0x00000000d7e01c70,0x00000000d8000000)
  from space 5120K, 0% used [0x00000000d8000000,0x00000000d8000000,0x00000000d8500000)
  to   space 5120K, 0% used [0x00000000d8500000,0x00000000d8500000,0x00000000d8a00000)
 ParOldGen       total 61440K, used 6061K [0x0000000081e00000, 0x0000000085a00000, 0x00000000d5f80000)
  object space 61440K, 9% used [0x0000000081e00000,0x00000000823eb778,0x0000000085a00000)
 Metaspace       used 18991K, capacity 19328K, committed 19584K, reserved 1067008K
  class space    used 2211K, capacity 2338K, committed 2432K, reserved 1048576K

Card table byte_map: [0x0000000012810000,0x0000000012c10000] byte_map_base: 0x0000000012401000

Marking Bits: (ParMarkBitMap*) 0x0000000073f23c10
 Begin Bits: [0x00000000136c0000, 0x0000000015648000)
 End Bits:   [0x0000000015648000, 0x00000000175d0000)

Polling page: 0x00000000018f0000

CodeCache: size=245760Kb used=6023Kb max_used=6034Kb free=239736Kb
 bounds [0x0000000003450000, 0x0000000003a40000, 0x0000000012450000]
 total_blobs=2279 nmethods=1868 adapters=323
 compilation: enabled

Compilation events (10 events):
Event: 6.374 Thread 0x000000001a32d800 nmethod 1864 0x0000000003a31150 code [0x0000000003a312a0, 0x0000000003a313b0]
Event: 6.374 Thread 0x000000001a32d800 1865       3       sun.misc.CompoundEnumeration::next (58 bytes)
Event: 6.374 Thread 0x000000001a32d800 nmethod 1865 0x0000000003a30b10 code [0x0000000003a30ca0, 0x0000000003a31028]
Event: 6.374 Thread 0x000000001a32d800 1866       3       java.net.URLClassLoader$3::hasMoreElements (5 bytes)
Event: 6.374 Thread 0x000000001a32d800 nmethod 1866 0x0000000003a30790 code [0x0000000003a30900, 0x0000000003a30a88]
Event: 6.375 Thread 0x000000001a32d800 1868       3       org.jboss.resteasy.core.PropertyInjectorImpl::<init> (49 bytes)
Event: 6.376 Thread 0x000000001a32d800 nmethod 1868 0x0000000003a36950 code [0x0000000003a36b20, 0x0000000003a37228]
Event: 6.376 Thread 0x000000001a32d800 1867   !   3       org.jboss.resteasy.spi.ResteasyProviderFactory::registerProvider (2619 bytes)
Event: 6.376 Thread 0x000000001a329000 1870       4       sun.misc.URLClassPath$JarLoader::findResource (18 bytes)
Event: 6.377 Thread 0x000000001a329000 nmethod 1870 0x0000000003a3a2d0 code [0x0000000003a3a420, 0x0000000003a3a4c8]

GC Heap History (8 events):
Event: 1.379 GC heap before
{Heap before GC invocations=1 (full 0):
 PSYoungGen      total 38400K, used 33280K [0x00000000d5f80000, 0x00000000d8a00000, 0x0000000100000000)
  eden space 33280K, 100% used [0x00000000d5f80000,0x00000000d8000000,0x00000000d8000000)
  from space 5120K, 0% used [0x00000000d8500000,0x00000000d8500000,0x00000000d8a00000)
  to   space 5120K, 0% used [0x00000000d8000000,0x00000000d8000000,0x00000000d8500000)
 ParOldGen       total 87552K, used 0K [0x0000000081e00000, 0x0000000087380000, 0x00000000d5f80000)
  object space 87552K, 0% used [0x0000000081e00000,0x0000000081e00000,0x0000000087380000)
 Metaspace       used 11897K, capacity 12122K, committed 12288K, reserved 1060864K
  class space    used 1389K, capacity 1481K, committed 1536K, reserved 1048576K
Event: 1.384 GC heap after
Heap after GC invocations=1 (full 0):
 PSYoungGen      total 38400K, used 5114K [0x00000000d5f80000, 0x00000000d8a00000, 0x0000000100000000)
  eden space 33280K, 0% used [0x00000000d5f80000,0x00000000d5f80000,0x00000000d8000000)
  from space 5120K, 99% used [0x00000000d8000000,0x00000000d84fe818,0x00000000d8500000)
  to   space 5120K, 0% used [0x00000000d8500000,0x00000000d8500000,0x00000000d8a00000)
 ParOldGen       total 87552K, used 736K [0x0000000081e00000, 0x0000000087380000, 0x00000000d5f80000)
  object space 87552K, 0% used [0x0000000081e00000,0x0000000081eb8188,0x0000000087380000)
 Metaspace       used 11897K, capacity 12122K, committed 12288K, reserved 1060864K
  class space    used 1389K, capacity 1481K, committed 1536K, reserved 1048576K
}
Event: 2.438 GC heap before
{Heap before GC invocations=2 (full 0):
 PSYoungGen      total 38400K, used 38394K [0x00000000d5f80000, 0x00000000d8a00000, 0x0000000100000000)
  eden space 33280K, 100% used [0x00000000d5f80000,0x00000000d8000000,0x00000000d8000000)
  from space 5120K, 99% used [0x00000000d8000000,0x00000000d84fe818,0x00000000d8500000)
  to   space 5120K, 0% used [0x00000000d8500000,0x00000000d8500000,0x00000000d8a00000)
 ParOldGen       total 87552K, used 736K [0x0000000081e00000, 0x0000000087380000, 0x00000000d5f80000)
  object space 87552K, 0% used [0x0000000081e00000,0x0000000081eb8188,0x0000000087380000)
 Metaspace       used 16254K, capacity 16458K, committed 16640K, reserved 1064960K
  class space    used 1905K, capacity 2001K, committed 2048K, reserved 1048576K
Event: 2.446 GC heap after
Heap after GC invocations=2 (full 0):
 PSYoungGen      total 38400K, used 5088K [0x00000000d5f80000, 0x00000000d8a00000, 0x0000000100000000)
  eden space 33280K, 0% used [0x00000000d5f80000,0x00000000d5f80000,0x00000000d8000000)
  from space 5120K, 99% used [0x00000000d8500000,0x00000000d89f8030,0x00000000d8a00000)
  to   space 5120K, 0% used [0x00000000d8000000,0x00000000d8000000,0x00000000d8500000)
 ParOldGen       total 87552K, used 4155K [0x0000000081e00000, 0x0000000087380000, 0x00000000d5f80000)
  object space 87552K, 4% used [0x0000000081e00000,0x000000008220ee98,0x0000000087380000)
 Metaspace       used 16254K, capacity 16458K, committed 16640K, reserved 1064960K
  class space    used 1905K, capacity 2001K, committed 2048K, reserved 1048576K
}
Event: 3.233 GC heap before
{Heap before GC invocations=3 (full 0):
 PSYoungGen      total 38400K, used 14196K [0x00000000d5f80000, 0x00000000d8a00000, 0x0000000100000000)
  eden space 33280K, 27% used [0x00000000d5f80000,0x00000000d68653a8,0x00000000d8000000)
  from space 5120K, 99% used [0x00000000d8500000,0x00000000d89f8030,0x00000000d8a00000)
  to   space 5120K, 0% used [0x00000000d8000000,0x00000000d8000000,0x00000000d8500000)
 ParOldGen       total 87552K, used 4155K [0x0000000081e00000, 0x0000000087380000, 0x00000000d5f80000)
  object space 87552K, 4% used [0x0000000081e00000,0x000000008220ee98,0x0000000087380000)
 Metaspace       used 17712K, capacity 17996K, committed 18304K, reserved 1067008K
  class space    used 2092K, capacity 2172K, committed 2176K, reserved 1048576K
Event: 3.238 GC heap after
Heap after GC invocations=3 (full 0):
 PSYoungGen      total 38400K, used 5104K [0x00000000d5f80000, 0x00000000d8a00000, 0x0000000100000000)
  eden space 33280K, 0% used [0x00000000d5f80000,0x00000000d5f80000,0x00000000d8000000)
  from space 5120K, 99% used [0x00000000d8000000,0x00000000d84fc040,0x00000000d8500000)
  to   space 5120K, 0% used [0x00000000d8500000,0x00000000d8500000,0x00000000d8a00000)
 ParOldGen       total 87552K, used 5219K [0x0000000081e00000, 0x0000000087380000, 0x00000000d5f80000)
  object space 87552K, 5% used [0x0000000081e00000,0x0000000082318d20,0x0000000087380000)
 Metaspace       used 17712K, capacity 17996K, committed 18304K, reserved 1067008K
  class space    used 2092K, capacity 2172K, committed 2176K, reserved 1048576K
}
Event: 3.238 GC heap before
{Heap before GC invocations=4 (full 1):
 PSYoungGen      total 38400K, used 5104K [0x00000000d5f80000, 0x00000000d8a00000, 0x0000000100000000)
  eden space 33280K, 0% used [0x00000000d5f80000,0x00000000d5f80000,0x00000000d8000000)
  from space 5120K, 99% used [0x00000000d8000000,0x00000000d84fc040,0x00000000d8500000)
  to   space 5120K, 0% used [0x00000000d8500000,0x00000000d8500000,0x00000000d8a00000)
 ParOldGen       total 87552K, used 5219K [0x0000000081e00000, 0x0000000087380000, 0x00000000d5f80000)
  object space 87552K, 5% used [0x0000000081e00000,0x0000000082318d20,0x0000000087380000)
 Metaspace       used 17712K, capacity 17996K, committed 18304K, reserved 1067008K
  class space    used 2092K, capacity 2172K, committed 2176K, reserved 1048576K
Event: 3.258 GC heap after
Heap after GC invocations=4 (full 1):
 PSYoungGen      total 38400K, used 0K [0x00000000d5f80000, 0x00000000d8a00000, 0x0000000100000000)
  eden space 33280K, 0% used [0x00000000d5f80000,0x00000000d5f80000,0x00000000d8000000)
  from space 5120K, 0% used [0x00000000d8000000,0x00000000d8000000,0x00000000d8500000)
  to   space 5120K, 0% used [0x00000000d8500000,0x00000000d8500000,0x00000000d8a00000)
 ParOldGen       total 61440K, used 6061K [0x0000000081e00000, 0x0000000085a00000, 0x00000000d5f80000)
  object space 61440K, 9% used [0x0000000081e00000,0x00000000823eb778,0x0000000085a00000)
 Metaspace       used 17712K, capacity 17996K, committed 18304K, reserved 1067008K
  class space    used 2092K, capacity 2172K, committed 2176K, reserved 1048576K
}

Deoptimization events (10 events):
Event: 3.227 Thread 0x00000000030ee000 Uncommon trap: reason=unstable_if action=reinterpret pc=0x0000000003841ea0 method=java.util.Arrays.equals([B[B)Z @ 2
Event: 3.260 Thread 0x00000000030ee000 Uncommon trap: reason=unstable_if action=reinterpret pc=0x00000000038c7bec method=java.util.HashMap.hash(Ljava/lang/Object;)I @ 1
Event: 3.260 Thread 0x00000000030ee000 Uncommon trap: reason=unstable_if action=reinterpret pc=0x00000000037eb7e8 method=java.util.HashMap.hash(Ljava/lang/Object;)I @ 1
Event: 3.270 Thread 0x00000000030ee000 Uncommon trap: reason=class_check action=maybe_recompile pc=0x0000000003865d90 method=java.util.concurrent.ConcurrentHashMap.putVal(Ljava/lang/Object;Ljava/lang/Object;Z)Ljava/lang/Object; @ 192
Event: 3.345 Thread 0x00000000030ee000 Uncommon trap: reason=unstable_if action=reinterpret pc=0x0000000003787454 method=java.lang.CharacterDataLatin1.digit(II)I @ 82
Event: 3.384 Thread 0x00000000030ee000 Uncommon trap: reason=class_check action=maybe_recompile pc=0x00000000038e9964 method=java.util.Collections$UnmodifiableMap.get(Ljava/lang/Object;)Ljava/lang/Object; @ 5
Event: 3.384 Thread 0x00000000030ee000 Uncommon trap: reason=class_check action=maybe_recompile pc=0x00000000038e9964 method=java.util.Collections$UnmodifiableMap.get(Ljava/lang/Object;)Ljava/lang/Object; @ 5
Event: 3.384 Thread 0x00000000030ee000 Uncommon trap: reason=class_check action=maybe_recompile pc=0x00000000038e9964 method=java.util.Collections$UnmodifiableMap.get(Ljava/lang/Object;)Ljava/lang/Object; @ 5
Event: 3.384 Thread 0x00000000030ee000 Uncommon trap: reason=class_check action=maybe_recompile pc=0x00000000038e9964 method=java.util.Collections$UnmodifiableMap.get(Ljava/lang/Object;)Ljava/lang/Object; @ 5
Event: 4.620 Thread 0x00000000030ee000 Uncommon trap: reason=unstable_if action=reinterpret pc=0x00000000039011ac method=java.util.concurrent.ConcurrentHashMap.putVal(Ljava/lang/Object;Ljava/lang/Object;Z)Ljava/lang/Object; @ 152

Classes redefined (0 events):
No events

Internal exceptions (10 events):
Event: 3.379 Thread 0x00000000030ee000 Exception <a 'java/lang/reflect/InvocationTargetException'> (0x00000000d6297c78) thrown at [C:\re\workspace\8-2-build-windows-amd64-cygwin\jdk8u172\10810\hotspot\src\share\vm\runtime\reflection.cpp, line 1092]
Event: 4.171 Thread 0x00000000030ee000 Exception <a 'java/lang/ClassNotFoundException': java/util/package-info> (0x00000000d68057e0) thrown at [C:\re\workspace\8-2-build-windows-amd64-cygwin\jdk8u172\10810\hotspot\src\share\vm\classfile\systemDictionary.cpp, line 210]
Event: 4.186 Thread 0x00000000030ee000 Exception <a 'java/lang/ClassNotFoundException': java/lang/package-info> (0x00000000d6989058) thrown at [C:\re\workspace\8-2-build-windows-amd64-cygwin\jdk8u172\10810\hotspot\src\share\vm\classfile\systemDictionary.cpp, line 210]
Event: 4.192 Thread 0x00000000030ee000 Exception <a 'java/lang/NoSuchMethodError': java.lang.Object.lambda$comparing$77a9974f$1(Ljava/util/function/Function;Ljava/lang/Object;Ljava/lang/Object;)I> (0x00000000d6a40618) thrown at [C:\re\workspace\8-2-build-windows-amd64-cygwin\jdk8u172\10810\hot
Event: 4.659 Thread 0x00000000030ee000 Exception <a 'java/lang/reflect/InvocationTargetException'> (0x00000000d6c670e8) thrown at [C:\re\workspace\8-2-build-windows-amd64-cygwin\jdk8u172\10810\hotspot\src\share\vm\runtime\reflection.cpp, line 1092]
Event: 4.994 Thread 0x00000000030ee000 Exception <a 'java/lang/ClassNotFoundException': java/math/package-info> (0x00000000d6ead190) thrown at [C:\re\workspace\8-2-build-windows-amd64-cygwin\jdk8u172\10810\hotspot\src\share\vm\classfile\systemDictionary.cpp, line 210]
Event: 4.997 Thread 0x00000000030ee000 Exception <a 'java/lang/reflect/InvocationTargetException'> (0x00000000d6ecb478) thrown at [C:\re\workspace\8-2-build-windows-amd64-cygwin\jdk8u172\10810\hotspot\src\share\vm\runtime\reflection.cpp, line 1092]
Event: 5.542 Thread 0x00000000030ee000 Exception <a 'java/lang/reflect/InvocationTargetException'> (0x00000000d733c110) thrown at [C:\re\workspace\8-2-build-windows-amd64-cygwin\jdk8u172\10810\hotspot\src\share\vm\runtime\reflection.cpp, line 1092]
Event: 5.972 Thread 0x00000000030ee000 Exception <a 'java/lang/reflect/InvocationTargetException'> (0x00000000d77b0878) thrown at [C:\re\workspace\8-2-build-windows-amd64-cygwin\jdk8u172\10810\hotspot\src\share\vm\runtime\reflection.cpp, line 1092]
Event: 6.373 Thread 0x00000000030ee000 Exception <a 'java/lang/reflect/InvocationTargetException'> (0x00000000d7c046b8) thrown at [C:\re\workspace\8-2-build-windows-amd64-cygwin\jdk8u172\10810\hotspot\src\share\vm\runtime\reflection.cpp, line 1092]

Events (10 events):
Event: 5.756 loading class com/fasterxml/jackson/databind/util/CompactStringObjectMap
Event: 5.756 loading class com/fasterxml/jackson/databind/util/CompactStringObjectMap done
Event: 6.165 loading class se325/assignment01/concert/common/dto/PerformerDTO
Event: 6.165 loading class se325/assignment01/concert/common/dto/PerformerDTO done
Event: 6.364 loading class se325/assignment01/concert/common/dto/BookingDTO
Event: 6.364 loading class se325/assignment01/concert/common/dto/BookingDTO done
Event: 6.372 loading class org/jboss/resteasy/util/ReadFromStream
Event: 6.372 loading class org/jboss/resteasy/util/ReadFromStream done
Event: 6.373 loading class org/jboss/resteasy/util/HeaderParameterParser
Event: 6.373 loading class org/jboss/resteasy/util/HeaderParameterParser done


Dynamic libraries:
0x00007ff79abf0000 - 0x00007ff79ac27000 	C:\Program Files\Java\jdk1.8.0_172\jre\bin\java.exe
0x00007ffea3c20000 - 0x00007ffea3e10000 	C:\WINDOWS\SYSTEM32\ntdll.dll
0x00007ffea3020000 - 0x00007ffea30d2000 	C:\WINDOWS\System32\KERNEL32.DLL
0x00007ffea0c80000 - 0x00007ffea0f23000 	C:\WINDOWS\System32\KERNELBASE.dll
0x00007ffea2e30000 - 0x00007ffea2ed3000 	C:\WINDOWS\System32\ADVAPI32.dll
0x00007ffea1e90000 - 0x00007ffea1f2e000 	C:\WINDOWS\System32\msvcrt.dll
0x00007ffea30f0000 - 0x00007ffea3187000 	C:\WINDOWS\System32\sechost.dll
0x00007ffea1cd0000 - 0x00007ffea1df0000 	C:\WINDOWS\System32\RPCRT4.dll
0x00007ffea20b0000 - 0x00007ffea2243000 	C:\WINDOWS\System32\USER32.dll
0x00007ffea0c30000 - 0x00007ffea0c51000 	C:\WINDOWS\System32\win32u.dll
0x00007ffea1df0000 - 0x00007ffea1e16000 	C:\WINDOWS\System32\GDI32.dll
0x00007ffea1030000 - 0x00007ffea11c4000 	C:\WINDOWS\System32\gdi32full.dll
0x00007ffea1a80000 - 0x00007ffea1b1e000 	C:\WINDOWS\System32\msvcp_win.dll
0x00007ffea0f30000 - 0x00007ffea102a000 	C:\WINDOWS\System32\ucrtbase.dll
0x00007ffe89870000 - 0x00007ffe89af5000 	C:\WINDOWS\WinSxS\amd64_microsoft.windows.common-controls_6595b64144ccf1df_6.0.18362.356_none_e6c4af7d130f27cc\COMCTL32.dll
0x00007ffea2a60000 - 0x00007ffea2d96000 	C:\WINDOWS\System32\combase.dll
0x00007ffea0bb0000 - 0x00007ffea0c30000 	C:\WINDOWS\System32\bcryptPrimitives.dll
0x00007ffea2e00000 - 0x00007ffea2e2e000 	C:\WINDOWS\System32\IMM32.DLL
0x00000000749a0000 - 0x0000000074a72000 	C:\Program Files\Java\jdk1.8.0_172\jre\bin\msvcr100.dll
0x0000000073700000 - 0x0000000073fa3000 	C:\Program Files\Java\jdk1.8.0_172\jre\bin\server\jvm.dll
0x00007ffea2ee0000 - 0x00007ffea2ee8000 	C:\WINDOWS\System32\PSAPI.DLL
0x00007ffe97030000 - 0x00007ffe97054000 	C:\WINDOWS\SYSTEM32\WINMM.dll
0x00007ffe99170000 - 0x00007ffe9917a000 	C:\WINDOWS\SYSTEM32\VERSION.dll
0x00007ffe95440000 - 0x00007ffe95449000 	C:\WINDOWS\SYSTEM32\WSOCK32.dll
0x00007ffea1e20000 - 0x00007ffea1e8f000 	C:\WINDOWS\System32\WS2_32.dll
0x00007ffe97000000 - 0x00007ffe9702d000 	C:\WINDOWS\SYSTEM32\winmmbase.dll
0x00007ffea1950000 - 0x00007ffea199a000 	C:\WINDOWS\System32\cfgmgr32.dll
0x0000000075040000 - 0x000000007504f000 	C:\Program Files\Java\jdk1.8.0_172\jre\bin\verify.dll
0x0000000075010000 - 0x0000000075039000 	C:\Program Files\Java\jdk1.8.0_172\jre\bin\java.dll
0x0000000074dc0000 - 0x0000000074dd6000 	C:\Program Files\Java\jdk1.8.0_172\jre\bin\zip.dll
0x00007ffea2250000 - 0x00007ffea2935000 	C:\WINDOWS\System32\SHELL32.dll
0x00007ffea39e0000 - 0x00007ffea3a89000 	C:\WINDOWS\System32\shcore.dll
0x00007ffea11d0000 - 0x00007ffea194e000 	C:\WINDOWS\System32\windows.storage.dll
0x00007ffea0b90000 - 0x00007ffea0baf000 	C:\WINDOWS\System32\profapi.dll
0x00007ffea0b20000 - 0x00007ffea0b6a000 	C:\WINDOWS\System32\powrprof.dll
0x00007ffea0af0000 - 0x00007ffea0b00000 	C:\WINDOWS\System32\UMPDC.dll
0x00007ffea2da0000 - 0x00007ffea2df2000 	C:\WINDOWS\System32\shlwapi.dll
0x00007ffea0b00000 - 0x00007ffea0b11000 	C:\WINDOWS\System32\kernel.appcore.dll
0x00007ffea0c60000 - 0x00007ffea0c77000 	C:\WINDOWS\System32\cryptsp.dll
0x0000000074d90000 - 0x0000000074d9d000 	C:\Program Files\Java\jdk1.8.0_172\jre\bin\management.dll
0x00000000748a0000 - 0x00000000748c4000 	C:\Program Files\Java\jdk1.8.0_172\jre\bin\sunec.dll
0x0000000074da0000 - 0x0000000074dba000 	C:\Program Files\Java\jdk1.8.0_172\jre\bin\net.dll
0x00007ffea0300000 - 0x00007ffea0367000 	C:\WINDOWS\system32\mswsock.dll
0x00007ffea0010000 - 0x00007ffea004a000 	C:\WINDOWS\SYSTEM32\IPHLPAPI.DLL
0x00007ffea3bd0000 - 0x00007ffea3bd8000 	C:\WINDOWS\System32\NSI.dll
0x00007ffe99e50000 - 0x00007ffe99e66000 	C:\WINDOWS\SYSTEM32\dhcpcsvc6.DLL
0x00007ffe99e30000 - 0x00007ffe99e4c000 	C:\WINDOWS\SYSTEM32\dhcpcsvc.DLL
0x00007ffea0050000 - 0x00007ffea011a000 	C:\WINDOWS\SYSTEM32\DNSAPI.dll
0x00000000748d0000 - 0x00000000748e1000 	C:\Program Files\Java\jdk1.8.0_172\jre\bin\nio.dll
0x00007ffe9fe70000 - 0x00007ffe9fea3000 	C:\WINDOWS\system32\rsaenh.dll
0x00007ffea19a0000 - 0x00007ffea19c6000 	C:\WINDOWS\System32\bcrypt.dll
0x00007ffea09e0000 - 0x00007ffea0a05000 	C:\WINDOWS\SYSTEM32\USERENV.dll
0x00007ffea04d0000 - 0x00007ffea04dc000 	C:\WINDOWS\SYSTEM32\CRYPTBASE.dll
0x00007ffe66a00000 - 0x00007ffe66a16000 	C:\WINDOWS\system32\napinsp.dll
0x00007ffe669e0000 - 0x00007ffe669fa000 	C:\WINDOWS\system32\pnrpnsp.dll
0x00007ffe669d0000 - 0x00007ffe669de000 	C:\WINDOWS\System32\winrnr.dll
0x00007ffe9a1c0000 - 0x00007ffe9a1dc000 	C:\WINDOWS\system32\NLAapi.dll
0x00007ffe9c240000 - 0x00007ffe9c255000 	C:\WINDOWS\system32\wshbth.dll
0x00007ffe97910000 - 0x00007ffe9791a000 	C:\Windows\System32\rasadhlp.dll
0x00007ffe98db0000 - 0x00007ffe98e27000 	C:\WINDOWS\System32\fwpuclnt.dll

VM Arguments:
java_command: C:\Users\richa\Desktop\3rd Year Software\SOFTENG 325\se325-assignment-01\se325-assignment-01\se325-concert-service\target\surefire\surefirebooter6497964917240706677.jar C:\Users\richa\Desktop\3rd Year Software\SOFTENG 325\se325-assignment-01\se325-assignment-01\se325-concert-service\target\surefire 2019-09-24T12-37-41_347-jvmRun1 surefire1781673986345201508tmp surefire_08807581386336964197tmp
java_class_path (initial): C:\Users\richa\Desktop\3rd Year Software\SOFTENG 325\se325-assignment-01\se325-assignment-01\se325-concert-service\target\surefire\surefirebooter6497964917240706677.jar
Launcher Type: SUN_STANDARD

Environment Variables:
JAVA_HOME=C:\Program Files\Java\jdk1.8.0_172
PATH=C:\Program Files (x86)\Microsoft SDKs\Azure\CLI2\wbin;C:\Program Files (x86)\Common Files\Oracle\Java\javapath;C:\Program Files (x86)\Intel\iCLS Client\;C:\Program Files\Intel\iCLS Client\;C:\WINDOWS\system32;C:\WINDOWS;C:\WINDOWS\System32\Wbem;C:\WINDOWS\System32\WindowsPowerShell\v1.0\;C:\Program Files (x86)\Intel\Intel(R) Management Engine Components\DAL;C:\Program Files\Intel\Intel(R) Management Engine Components\DAL;C:\Program Files (x86)\Intel\Intel(R) Management Engine Components\IPT;C:\Program Files\Intel\Intel(R) Management Engine Components\IPT;C:\WINDOWS\System32\OpenSSH\;C:\Program Files\Microsoft VS Code\bin;C:\Program Files\nodejs\;C:\Program Files\Java\jdk1.8.0_172\bin;C:\Program Files\Git\cmd;C:\Program Files\dotnet\;C:\Program Files\Microsoft SQL Server\130\Tools\Binn\;C:\Users\richa\Anaconda3\pkgs\python-3.6.8-h9f7ef89_7;C:\Program Files\apache-maven-3.6.1-bin\apache-maven-3.6.1\bin
USERNAME=Richard
OS=Windows_NT
PROCESSOR_IDENTIFIER=Intel64 Family 6 Model 142 Stepping 10, GenuineIntel



---------------  S Y S T E M  ---------------

OS: Windows 10.0 , 64 bit Build 18362 (10.0.18362.329)

CPU:total 8 (initial active 8) (4 cores per cpu, 2 threads per core) family 6 model 142 stepping 10, cmov, cx8, fxsr, mmx, sse, sse2, sse3, ssse3, sse4.1, sse4.2, popcnt, avx, avx2, aes, clmul, erms, 3dnowpref, lzcnt, ht, tsc, tscinvbit, bmi1, bmi2, adx

Memory: 4k page, physical 8264956k(737740k free), swap 33430780k(4108k free)

vm_info: Java HotSpot(TM) 64-Bit Server VM (25.172-b11) for windows-amd64 JRE (1.8.0_172-b11), built on Mar 28 2018 21:21:52 by "java_re" with MS VC++ 10.0 (VS2010)

time: Tue Sep 24 12:37:48 2019
elapsed time: 6 seconds (0d 0h 0m 6s)

